# JRE version: OpenJDK Runtime Environment (8.0_202-b03) (build 1.8.0_202-release-1483-b03)
# Java VM: OpenJDK 64-Bit Server VM (25.202-b03 mixed mode windows-amd64 compressed oops)
Heap:
 PSYoungGen      total 361472K, used 76465K [0x00000000e0000000, 0x00000000fe080000, 0x0000000100000000)
  eden space 288768K, 3% used [0x00000000e0000000,0x00000000e0a54c38,0x00000000f1a00000)
  from space 72704K, 90% used [0x00000000f9980000,0x00000000fd9d7980,0x00000000fe080000)
  to   space 74240K, 0% used [0x00000000f1a00000,0x00000000f1a00000,0x00000000f6280000)
 ParOldGen       total 230400K, used 110277K [0x00000000a0000000, 0x00000000ae100000, 0x00000000e0000000)
  object space 230400K, 47% used [0x00000000a0000000,0x00000000a6bb16b0,0x00000000ae100000)
 Metaspace       used 85576K, capacity 88968K, committed 89240K, reserved 1126400K
  class space    used 11192K, capacity 11891K, committed 11944K, reserved 1048576K
GC Heap History (10 events):
Event: 102.229 GC heap before
{Heap before GC invocations=17 (full 5):
 PSYoungGen      total 279040K, used 250880K [0x00000000e0000000, 0x00000000f8280000, 0x0000000100000000)
  eden space 250880K, 100% used [0x00000000e0000000,0x00000000ef500000,0x00000000ef500000)
  from space 28160K, 0% used [0x00000000f2c00000,0x00000000f2c00000,0x00000000f4780000)
  to   space 56320K, 0% used [0x00000000ef500000,0x00000000ef500000,0x00000000f2c00000)
 ParOldGen       total 126464K, used 118875K [0x00000000a0000000, 0x00000000a7b80000, 0x00000000e0000000)
  object space 126464K, 93% used [0x00000000a0000000,0x00000000a7416eb0,0x00000000a7b80000)
 Metaspace       used 73276K, capacity 76168K, committed 76312K, reserved 1116160K
  class space    used 9832K, capacity 10433K, committed 10536K, reserved 1048576K
Event: 102.337 GC heap after
Heap after GC invocations=17 (full 5):
 PSYoungGen      total 279040K, used 0K [0x00000000e0000000, 0x00000000f8280000, 0x0000000100000000)
  eden space 250880K, 0% used [0x00000000e0000000,0x00000000e0000000,0x00000000ef500000)
  from space 28160K, 0% used [0x00000000f2c00000,0x00000000f2c00000,0x00000000f4780000)
  to   space 56320K, 0% used [0x00000000ef500000,0x00000000ef500000,0x00000000f2c00000)
 ParOldGen       total 230400K, used 53345K [0x00000000a0000000, 0x00000000ae100000, 0x00000000e0000000)
  object space 230400K, 23% used [0x00000000a0000000,0x00000000a3418538,0x00000000ae100000)
 Metaspace       used 73276K, capacity 76168K, committed 76312K, reserved 1116160K
  class space    used 9832K, capacity 10433K, committed 10536K, reserved 1048576K
}
Event: 220.630 GC heap before
{Heap before GC invocations=18 (full 5):
 PSYoungGen      total 279040K, used 250880K [0x00000000e0000000, 0x00000000f8280000, 0x0000000100000000)
  eden space 250880K, 100% used [0x00000000e0000000,0x00000000ef500000,0x00000000ef500000)
  from space 28160K, 0% used [0x00000000f2c00000,0x00000000f2c00000,0x00000000f4780000)
  to   space 56320K, 0% used [0x00000000ef500000,0x00000000ef500000,0x00000000f2c00000)
 ParOldGen       total 230400K, used 53345K [0x00000000a0000000, 0x00000000ae100000, 0x00000000e0000000)
  object space 230400K, 23% used [0x00000000a0000000,0x00000000a3418538,0x00000000ae100000)
 Metaspace       used 79536K, capacity 82548K, committed 82712K, reserved 1120256K
  class space    used 10595K, capacity 11215K, committed 11304K, reserved 1048576K
Event: 220.711 GC heap after
Heap after GC invocations=18 (full 5):
 PSYoungGen      total 307200K, used 15355K [0x00000000e0000000, 0x00000000f9700000, 0x0000000100000000)
  eden space 250880K, 0% used [0x00000000e0000000,0x00000000e0000000,0x00000000ef500000)
  from space 56320K, 27% used [0x00000000ef500000,0x00000000f03fec80,0x00000000f2c00000)
  to   space 53760K, 0% used [0x00000000f6280000,0x00000000f6280000,0x00000000f9700000)
 ParOldGen       total 230400K, used 53345K [0x00000000a0000000, 0x00000000ae100000, 0x00000000e0000000)
  object space 230400K, 23% used [0x00000000a0000000,0x00000000a3418538,0x00000000ae100000)
 Metaspace       used 79536K, capacity 82548K, committed 82712K, reserved 1120256K
  class space    used 10595K, capacity 11215K, committed 11304K, reserved 1048576K
}
Event: 222.813 GC heap before
{Heap before GC invocations=19 (full 5):
 PSYoungGen      total 307200K, used 266235K [0x00000000e0000000, 0x00000000f9700000, 0x0000000100000000)
  eden space 250880K, 100% used [0x00000000e0000000,0x00000000ef500000,0x00000000ef500000)
  from space 56320K, 27% used [0x00000000ef500000,0x00000000f03fec80,0x00000000f2c00000)
  to   space 53760K, 0% used [0x00000000f6280000,0x00000000f6280000,0x00000000f9700000)
 ParOldGen       total 230400K, used 53345K [0x00000000a0000000, 0x00000000ae100000, 0x00000000e0000000)
  object space 230400K, 23% used [0x00000000a0000000,0x00000000a3418538,0x00000000ae100000)
 Metaspace       used 81811K, capacity 84998K, committed 85016K, reserved 1122304K
  class space    used 10935K, capacity 11558K, committed 11560K, reserved 1048576K
Event: 222.898 GC heap after
Heap after GC invocations=19 (full 5):
 PSYoungGen      total 342528K, used 53738K [0x00000000e0000000, 0x00000000fc100000, 0x0000000100000000)
  eden space 288768K, 0% used [0x00000000e0000000,0x00000000e0000000,0x00000000f1a00000)
  from space 53760K, 99% used [0x00000000f6280000,0x00000000f96fa980,0x00000000f9700000)
  to   space 74240K, 0% used [0x00000000f1a00000,0x00000000f1a00000,0x00000000f6280000)
 ParOldGen       total 230400K, used 84753K [0x00000000a0000000, 0x00000000ae100000, 0x00000000e0000000)
  object space 230400K, 36% used [0x00000000a0000000,0x00000000a52c4630,0x00000000ae100000)
 Metaspace       used 81811K, capacity 84998K, committed 85016K, reserved 1122304K
  class space    used 10935K, capacity 11558K, committed 11560K, reserved 1048576K
}
Event: 607.280 GC heap before
{Heap before GC invocations=20 (full 5):
 PSYoungGen      total 342528K, used 342506K [0x00000000e0000000, 0x00000000fc100000, 0x0000000100000000)
  eden space 288768K, 100% used [0x00000000e0000000,0x00000000f1a00000,0x00000000f1a00000)
  from space 53760K, 99% used [0x00000000f6280000,0x00000000f96fa980,0x00000000f9700000)
  to   space 74240K, 0% used [0x00000000f1a00000,0x00000000f1a00000,0x00000000f6280000)
 ParOldGen       total 230400K, used 84753K [0x00000000a0000000, 0x00000000ae100000, 0x00000000e0000000)
  object space 230400K, 36% used [0x00000000a0000000,0x00000000a52c4630,0x00000000ae100000)
 Metaspace       used 84024K, capacity 87362K, committed 87576K, reserved 1124352K
  class space    used 11135K, capacity 11800K, committed 11816K, reserved 1048576K
Event: 607.337 GC heap after
Heap after GC invocations=20 (full 5):
 PSYoungGen      total 363008K, used 8918K [0x00000000e0000000, 0x00000000fe080000, 0x0000000100000000)
  eden space 288768K, 0% used [0x00000000e0000000,0x00000000e0000000,0x00000000f1a00000)
  from space 74240K, 12% used [0x00000000f1a00000,0x00000000f22b5878,0x00000000f6280000)
  to   space 72704K, 0% used [0x00000000f9980000,0x00000000f9980000,0x00000000fe080000)
 ParOldGen       total 230400K, used 110269K [0x00000000a0000000, 0x00000000ae100000, 0x00000000e0000000)
  object space 230400K, 47% used [0x00000000a0000000,0x00000000a6baf6b0,0x00000000ae100000)
 Metaspace       used 84024K, capacity 87362K, committed 87576K, reserved 1124352K
  class space    used 11135K, capacity 11800K, committed 11816K, reserved 1048576K
}
Event: 609.352 GC heap before
{Heap before GC invocations=21 (full 5):
 PSYoungGen      total 363008K, used 297686K [0x00000000e0000000, 0x00000000fe080000, 0x0000000100000000)
  eden space 288768K, 100% used [0x00000000e0000000,0x00000000f1a00000,0x00000000f1a00000)
  from space 74240K, 12% used [0x00000000f1a00000,0x00000000f22b5878,0x00000000f6280000)
  to   space 72704K, 0% used [0x00000000f9980000,0x00000000f9980000,0x00000000fe080000)
 ParOldGen       total 230400K, used 110269K [0x00000000a0000000, 0x00000000ae100000, 0x00000000e0000000)
  object space 230400K, 47% used [0x00000000a0000000,0x00000000a6baf6b0,0x00000000ae100000)
 Metaspace       used 85572K, capacity 88968K, committed 89240K, reserved 1126400K
  class space    used 11192K, capacity 11891K, committed 11944K, reserved 1048576K
Event: 609.450 GC heap after
Heap after GC invocations=21 (full 5):
 PSYoungGen      total 361472K, used 65886K [0x00000000e0000000, 0x00000000fe080000, 0x0000000100000000)
  eden space 288768K, 0% used [0x00000000e0000000,0x00000000e0000000,0x00000000f1a00000)
  from space 72704K, 90% used [0x00000000f9980000,0x00000000fd9d7980,0x00000000fe080000)
  to   space 74240K, 0% used [0x00000000f1a00000,0x00000000f1a00000,0x00000000f6280000)
 ParOldGen       total 230400K, used 110277K [0x00000000a0000000, 0x00000000ae100000, 0x00000000e0000000)
  object space 230400K, 47% used [0x00000000a0000000,0x00000000a6bb16b0,0x00000000ae100000)
 Metaspace       used 85572K, capacity 88968K, committed 89240K, reserved 1126400K
  class space    used 11192K, capacity 11891K, committed 11944K, reserved 1048576K
}

