# JRE version: OpenJDK Runtime Environment (8.0_202-b03) (build 1.8.0_202-release-1483-b03)
# Java VM: OpenJDK 64-Bit Server VM (25.202-b03 mixed mode windows-amd64 compressed oops)
Heap:
 PSYoungGen      total 408576K, used 279680K [0x00000000e0000000, 0x00000000fa800000, 0x0000000100000000)
  eden space 384000K, 67% used [0x00000000e0000000,0x00000000efd43440,0x00000000f7700000)
  from space 24576K, 82% used [0x00000000f7800000,0x00000000f8bdccf0,0x00000000f9000000)
  to   space 16896K, 0% used [0x00000000f9780000,0x00000000f9780000,0x00000000fa800000)
 ParOldGen       total 107520K, used 30912K [0x00000000a0000000, 0x00000000a6900000, 0x00000000e0000000)
  object space 107520K, 28% used [0x00000000a0000000,0x00000000a1e301d0,0x00000000a6900000)
 Metaspace       used 78926K, capacity 81855K, committed 82136K, reserved 1120256K
  class space    used 10576K, capacity 11155K, committed 11224K, reserved 1048576K
GC Heap History (10 events):
Event: 6.914 GC heap before
{Heap before GC invocations=8 (full 2):
 PSYoungGen      total 246272K, used 10121K [0x00000000e0000000, 0x00000000f0400000, 0x0000000100000000)
  eden space 235520K, 0% used [0x00000000e0000000,0x00000000e0000000,0x00000000ee600000)
  from space 10752K, 94% used [0x00000000ef980000,0x00000000f0362710,0x00000000f0400000)
  to   space 15360K, 0% used [0x00000000ee600000,0x00000000ee600000,0x00000000ef500000)
 ParOldGen       total 57344K, used 18555K [0x00000000a0000000, 0x00000000a3800000, 0x00000000e0000000)
  object space 57344K, 32% used [0x00000000a0000000,0x00000000a121ed30,0x00000000a3800000)
 Metaspace       used 34504K, capacity 35192K, committed 35416K, reserved 1079296K
  class space    used 4742K, capacity 4937K, committed 4952K, reserved 1048576K
Event: 7.058 GC heap after
Heap after GC invocations=8 (full 2):
 PSYoungGen      total 246272K, used 0K [0x00000000e0000000, 0x00000000f0400000, 0x0000000100000000)
  eden space 235520K, 0% used [0x00000000e0000000,0x00000000e0000000,0x00000000ee600000)
  from space 10752K, 0% used [0x00000000ef980000,0x00000000ef980000,0x00000000f0400000)
  to   space 15360K, 0% used [0x00000000ee600000,0x00000000ee600000,0x00000000ef500000)
 ParOldGen       total 77312K, used 17160K [0x00000000a0000000, 0x00000000a4b80000, 0x00000000e0000000)
  object space 77312K, 22% used [0x00000000a0000000,0x00000000a10c21b0,0x00000000a4b80000)
 Metaspace       used 34504K, capacity 35192K, committed 35416K, reserved 1079296K
  class space    used 4742K, capacity 4937K, committed 4952K, reserved 1048576K
}
Event: 10.654 GC heap before
{Heap before GC invocations=9 (full 2):
 PSYoungGen      total 246272K, used 235520K [0x00000000e0000000, 0x00000000f0400000, 0x0000000100000000)
  eden space 235520K, 100% used [0x00000000e0000000,0x00000000ee600000,0x00000000ee600000)
  from space 10752K, 0% used [0x00000000ef980000,0x00000000ef980000,0x00000000f0400000)
  to   space 15360K, 0% used [0x00000000ee600000,0x00000000ee600000,0x00000000ef500000)
 ParOldGen       total 77312K, used 17160K [0x00000000a0000000, 0x00000000a4b80000, 0x00000000e0000000)
  object space 77312K, 22% used [0x00000000a0000000,0x00000000a10c21b0,0x00000000a4b80000)
 Metaspace       used 55488K, capacity 56970K, committed 57048K, reserved 1097728K
  class space    used 7510K, capacity 7876K, committed 7896K, reserved 1048576K
Event: 10.718 GC heap after
Heap after GC invocations=9 (full 2):
 PSYoungGen      total 250880K, used 15351K [0x00000000e0000000, 0x00000000faf00000, 0x0000000100000000)
  eden space 235520K, 0% used [0x00000000e0000000,0x00000000e0000000,0x00000000ee600000)
  from space 15360K, 99% used [0x00000000ee600000,0x00000000ef4fddc0,0x00000000ef500000)
  to   space 24064K, 0% used [0x00000000f9780000,0x00000000f9780000,0x00000000faf00000)
 ParOldGen       total 77312K, used 29745K [0x00000000a0000000, 0x00000000a4b80000, 0x00000000e0000000)
  object space 77312K, 38% used [0x00000000a0000000,0x00000000a1d0c7a0,0x00000000a4b80000)
 Metaspace       used 55488K, capacity 56970K, committed 57048K, reserved 1097728K
  class space    used 7510K, capacity 7876K, committed 7896K, reserved 1048576K
}
Event: 11.760 GC heap before
{Heap before GC invocations=10 (full 2):
 PSYoungGen      total 250880K, used 66882K [0x00000000e0000000, 0x00000000faf00000, 0x0000000100000000)
  eden space 235520K, 21% used [0x00000000e0000000,0x00000000e3252c80,0x00000000ee600000)
  from space 15360K, 99% used [0x00000000ee600000,0x00000000ef4fddc0,0x00000000ef500000)
  to   space 24064K, 0% used [0x00000000f9780000,0x00000000f9780000,0x00000000faf00000)
 ParOldGen       total 77312K, used 29745K [0x00000000a0000000, 0x00000000a4b80000, 0x00000000e0000000)
  object space 77312K, 38% used [0x00000000a0000000,0x00000000a1d0c7a0,0x00000000a4b80000)
 Metaspace       used 57437K, capacity 59019K, committed 59028K, reserved 1099776K
  class space    used 7766K, capacity 8143K, committed 8152K, reserved 1048576K
Event: 11.787 GC heap after
Heap after GC invocations=10 (full 2):
 PSYoungGen      total 400896K, used 16474K [0x00000000e0000000, 0x00000000fa800000, 0x0000000100000000)
  eden space 384000K, 0% used [0x00000000e0000000,0x00000000e0000000,0x00000000f7700000)
  from space 16896K, 97% used [0x00000000f9780000,0x00000000fa796a88,0x00000000fa800000)
  to   space 24576K, 0% used [0x00000000f7800000,0x00000000f7800000,0x00000000f9000000)
 ParOldGen       total 77312K, used 29753K [0x00000000a0000000, 0x00000000a4b80000, 0x00000000e0000000)
  object space 77312K, 38% used [0x00000000a0000000,0x00000000a1d0e7a0,0x00000000a4b80000)
 Metaspace       used 57437K, capacity 59019K, committed 59028K, reserved 1099776K
  class space    used 7766K, capacity 8143K, committed 8152K, reserved 1048576K
}
Event: 11.787 GC heap before
{Heap before GC invocations=11 (full 3):
 PSYoungGen      total 400896K, used 16474K [0x00000000e0000000, 0x00000000fa800000, 0x0000000100000000)
  eden space 384000K, 0% used [0x00000000e0000000,0x00000000e0000000,0x00000000f7700000)
  from space 16896K, 97% used [0x00000000f9780000,0x00000000fa796a88,0x00000000fa800000)
  to   space 24576K, 0% used [0x00000000f7800000,0x00000000f7800000,0x00000000f9000000)
 ParOldGen       total 77312K, used 29753K [0x00000000a0000000, 0x00000000a4b80000, 0x00000000e0000000)
  object space 77312K, 38% used [0x00000000a0000000,0x00000000a1d0e7a0,0x00000000a4b80000)
 Metaspace       used 57437K, capacity 59019K, committed 59028K, reserved 1099776K
  class space    used 7766K, capacity 8143K, committed 8152K, reserved 1048576K
Event: 12.077 GC heap after
Heap after GC invocations=11 (full 3):
 PSYoungGen      total 400896K, used 0K [0x00000000e0000000, 0x00000000fa800000, 0x0000000100000000)
  eden space 384000K, 0% used [0x00000000e0000000,0x00000000e0000000,0x00000000f7700000)
  from space 16896K, 0% used [0x00000000f9780000,0x00000000f9780000,0x00000000fa800000)
  to   space 24576K, 0% used [0x00000000f7800000,0x00000000f7800000,0x00000000f9000000)
 ParOldGen       total 107520K, used 30904K [0x00000000a0000000, 0x00000000a6900000, 0x00000000e0000000)
  object space 107520K, 28% used [0x00000000a0000000,0x00000000a1e2e1d0,0x00000000a6900000)
 Metaspace       used 57432K, capacity 59001K, committed 59028K, reserved 1099776K
  class space    used 7764K, capacity 8140K, committed 8152K, reserved 1048576K
}
Event: 468.398 GC heap before
{Heap before GC invocations=12 (full 3):
 PSYoungGen      total 400896K, used 384000K [0x00000000e0000000, 0x00000000fa800000, 0x0000000100000000)
  eden space 384000K, 100% used [0x00000000e0000000,0x00000000f7700000,0x00000000f7700000)
  from space 16896K, 0% used [0x00000000f9780000,0x00000000f9780000,0x00000000fa800000)
  to   space 24576K, 0% used [0x00000000f7800000,0x00000000f7800000,0x00000000f9000000)
 ParOldGen       total 107520K, used 30904K [0x00000000a0000000, 0x00000000a6900000, 0x00000000e0000000)
  object space 107520K, 28% used [0x00000000a0000000,0x00000000a1e2e1d0,0x00000000a6900000)
 Metaspace       used 66173K, capacity 68359K, committed 68696K, reserved 1107968K
  class space    used 8724K, capacity 9213K, committed 9304K, reserved 1048576K
Event: 468.418 GC heap after
Heap after GC invocations=12 (full 3):
 PSYoungGen      total 408576K, used 20339K [0x00000000e0000000, 0x00000000fa800000, 0x0000000100000000)
  eden space 384000K, 0% used [0x00000000e0000000,0x00000000e0000000,0x00000000f7700000)
  from space 24576K, 82% used [0x00000000f7800000,0x00000000f8bdccf0,0x00000000f9000000)
  to   space 16896K, 0% used [0x00000000f9780000,0x00000000f9780000,0x00000000fa800000)
 ParOldGen       total 107520K, used 30912K [0x00000000a0000000, 0x00000000a6900000, 0x00000000e0000000)
  object space 107520K, 28% used [0x00000000a0000000,0x00000000a1e301d0,0x00000000a6900000)
 Metaspace       used 66173K, capacity 68359K, committed 68696K, reserved 1107968K
  class space    used 8724K, capacity 9213K, committed 9304K, reserved 1048576K
}

