# JRE version: OpenJDK Runtime Environment (8.0_202-b03) (build 1.8.0_202-release-1483-b03)
# Java VM: OpenJDK 64-Bit Server VM (25.202-b03 mixed mode windows-amd64 compressed oops)
Heap:
 PSYoungGen      total 339456K, used 250964K [0x00000000e0000000, 0x00000000fad00000, 0x0000000100000000)
  eden space 314880K, 74% used [0x00000000e0000000,0x00000000ee49ad60,0x00000000f3380000)
  from space 24576K, 68% used [0x00000000f3380000,0x00000000f43fa5e0,0x00000000f4b80000)
  to   space 25088K, 0% used [0x00000000f9480000,0x00000000f9480000,0x00000000fad00000)
 ParOldGen       total 132608K, used 31550K [0x00000000a0000000, 0x00000000a8180000, 0x00000000e0000000)
  object space 132608K, 23% used [0x00000000a0000000,0x00000000a1ecf820,0x00000000a8180000)
 Metaspace       used 78393K, capacity 81546K, committed 81752K, reserved 1120256K
  class space    used 10469K, capacity 11088K, committed 11136K, reserved 1048576K
GC Heap History (10 events):
Event: 8.845 GC heap before
{Heap before GC invocations=8 (full 2):
 PSYoungGen      total 230400K, used 10005K [0x00000000e0000000, 0x00000000ef380000, 0x0000000100000000)
  eden space 214528K, 0% used [0x00000000e0000000,0x00000000e0000000,0x00000000ed180000)
  from space 15872K, 63% used [0x00000000ee080000,0x00000000eea456b8,0x00000000ef000000)
  to   space 15360K, 0% used [0x00000000ed180000,0x00000000ed180000,0x00000000ee080000)
 ParOldGen       total 64000K, used 18698K [0x00000000a0000000, 0x00000000a3e80000, 0x00000000e0000000)
  object space 64000K, 29% used [0x00000000a0000000,0x00000000a1242bc8,0x00000000a3e80000)
 Metaspace       used 34471K, capacity 35188K, committed 35416K, reserved 1079296K
  class space    used 4741K, capacity 4937K, committed 4992K, reserved 1048576K
Event: 8.920 GC heap after
Heap after GC invocations=8 (full 2):
 PSYoungGen      total 230400K, used 0K [0x00000000e0000000, 0x00000000ef380000, 0x0000000100000000)
  eden space 214528K, 0% used [0x00000000e0000000,0x00000000e0000000,0x00000000ed180000)
  from space 15872K, 0% used [0x00000000ee080000,0x00000000ee080000,0x00000000ef000000)
  to   space 15360K, 0% used [0x00000000ed180000,0x00000000ed180000,0x00000000ee080000)
 ParOldGen       total 93696K, used 17064K [0x00000000a0000000, 0x00000000a5b80000, 0x00000000e0000000)
  object space 93696K, 18% used [0x00000000a0000000,0x00000000a10aa040,0x00000000a5b80000)
 Metaspace       used 34471K, capacity 35188K, committed 35416K, reserved 1079296K
  class space    used 4741K, capacity 4937K, committed 4992K, reserved 1048576K
}
Event: 14.627 GC heap before
{Heap before GC invocations=9 (full 2):
 PSYoungGen      total 230400K, used 214528K [0x00000000e0000000, 0x00000000ef380000, 0x0000000100000000)
  eden space 214528K, 100% used [0x00000000e0000000,0x00000000ed180000,0x00000000ed180000)
  from space 15872K, 0% used [0x00000000ee080000,0x00000000ee080000,0x00000000ef000000)
  to   space 15360K, 0% used [0x00000000ed180000,0x00000000ed180000,0x00000000ee080000)
 ParOldGen       total 93696K, used 17064K [0x00000000a0000000, 0x00000000a5b80000, 0x00000000e0000000)
  object space 93696K, 18% used [0x00000000a0000000,0x00000000a10aa040,0x00000000a5b80000)
 Metaspace       used 53800K, capacity 55286K, committed 55512K, reserved 1097728K
  class space    used 7264K, capacity 7606K, committed 7680K, reserved 1048576K
Event: 14.650 GC heap after
Heap after GC invocations=9 (full 2):
 PSYoungGen      total 229888K, used 15359K [0x00000000e0000000, 0x00000000f6200000, 0x0000000100000000)
  eden space 214528K, 0% used [0x00000000e0000000,0x00000000e0000000,0x00000000ed180000)
  from space 15360K, 99% used [0x00000000ed180000,0x00000000ee07fd40,0x00000000ee080000)
  to   space 23040K, 0% used [0x00000000f4b80000,0x00000000f4b80000,0x00000000f6200000)
 ParOldGen       total 93696K, used 27767K [0x00000000a0000000, 0x00000000a5b80000, 0x00000000e0000000)
  object space 93696K, 29% used [0x00000000a0000000,0x00000000a1b1def0,0x00000000a5b80000)
 Metaspace       used 53800K, capacity 55286K, committed 55512K, reserved 1097728K
  class space    used 7264K, capacity 7606K, committed 7680K, reserved 1048576K
}
Event: 15.487 GC heap before
{Heap before GC invocations=10 (full 2):
 PSYoungGen      total 229888K, used 79848K [0x00000000e0000000, 0x00000000f6200000, 0x0000000100000000)
  eden space 214528K, 30% used [0x00000000e0000000,0x00000000e3efa4a0,0x00000000ed180000)
  from space 15360K, 99% used [0x00000000ed180000,0x00000000ee07fd40,0x00000000ee080000)
  to   space 23040K, 0% used [0x00000000f4b80000,0x00000000f4b80000,0x00000000f6200000)
 ParOldGen       total 93696K, used 27767K [0x00000000a0000000, 0x00000000a5b80000, 0x00000000e0000000)
  object space 93696K, 29% used [0x00000000a0000000,0x00000000a1b1def0,0x00000000a5b80000)
 Metaspace       used 57304K, capacity 59014K, committed 59028K, reserved 1099776K
  class space    used 7775K, capacity 8180K, committed 8192K, reserved 1048576K
Event: 15.507 GC heap after
Heap after GC invocations=10 (full 2):
 PSYoungGen      total 337920K, used 17249K [0x00000000e0000000, 0x00000000f6800000, 0x0000000100000000)
  eden space 314880K, 0% used [0x00000000e0000000,0x00000000e0000000,0x00000000f3380000)
  from space 23040K, 74% used [0x00000000f4b80000,0x00000000f5c58550,0x00000000f6200000)
  to   space 24576K, 0% used [0x00000000f3380000,0x00000000f3380000,0x00000000f4b80000)
 ParOldGen       total 93696K, used 27775K [0x00000000a0000000, 0x00000000a5b80000, 0x00000000e0000000)
  object space 93696K, 29% used [0x00000000a0000000,0x00000000a1b1fef0,0x00000000a5b80000)
 Metaspace       used 57304K, capacity 59014K, committed 59028K, reserved 1099776K
  class space    used 7775K, capacity 8180K, committed 8192K, reserved 1048576K
}
Event: 15.507 GC heap before
{Heap before GC invocations=11 (full 3):
 PSYoungGen      total 337920K, used 17249K [0x00000000e0000000, 0x00000000f6800000, 0x0000000100000000)
  eden space 314880K, 0% used [0x00000000e0000000,0x00000000e0000000,0x00000000f3380000)
  from space 23040K, 74% used [0x00000000f4b80000,0x00000000f5c58550,0x00000000f6200000)
  to   space 24576K, 0% used [0x00000000f3380000,0x00000000f3380000,0x00000000f4b80000)
 ParOldGen       total 93696K, used 27775K [0x00000000a0000000, 0x00000000a5b80000, 0x00000000e0000000)
  object space 93696K, 29% used [0x00000000a0000000,0x00000000a1b1fef0,0x00000000a5b80000)
 Metaspace       used 57304K, capacity 59014K, committed 59028K, reserved 1099776K
  class space    used 7775K, capacity 8180K, committed 8192K, reserved 1048576K
Event: 15.698 GC heap after
Heap after GC invocations=11 (full 3):
 PSYoungGen      total 337920K, used 0K [0x00000000e0000000, 0x00000000f6800000, 0x0000000100000000)
  eden space 314880K, 0% used [0x00000000e0000000,0x00000000e0000000,0x00000000f3380000)
  from space 23040K, 0% used [0x00000000f4b80000,0x00000000f4b80000,0x00000000f6200000)
  to   space 24576K, 0% used [0x00000000f3380000,0x00000000f3380000,0x00000000f4b80000)
 ParOldGen       total 132608K, used 31542K [0x00000000a0000000, 0x00000000a8180000, 0x00000000e0000000)
  object space 132608K, 23% used [0x00000000a0000000,0x00000000a1ecd820,0x00000000a8180000)
 Metaspace       used 57293K, capacity 58990K, committed 59028K, reserved 1099776K
  class space    used 7771K, capacity 8174K, committed 8192K, reserved 1048576K
}
Event: 1254.381 GC heap before
{Heap before GC invocations=12 (full 3):
 PSYoungGen      total 337920K, used 314880K [0x00000000e0000000, 0x00000000f6800000, 0x0000000100000000)
  eden space 314880K, 100% used [0x00000000e0000000,0x00000000f3380000,0x00000000f3380000)
  from space 23040K, 0% used [0x00000000f4b80000,0x00000000f4b80000,0x00000000f6200000)
  to   space 24576K, 0% used [0x00000000f3380000,0x00000000f3380000,0x00000000f4b80000)
 ParOldGen       total 132608K, used 31542K [0x00000000a0000000, 0x00000000a8180000, 0x00000000e0000000)
  object space 132608K, 23% used [0x00000000a0000000,0x00000000a1ecd820,0x00000000a8180000)
 Metaspace       used 65938K, capacity 68190K, committed 68312K, reserved 1107968K
  class space    used 8720K, capacity 9206K, committed 9216K, reserved 1048576K
Event: 1254.419 GC heap after
Heap after GC invocations=12 (full 3):
 PSYoungGen      total 339456K, used 16873K [0x00000000e0000000, 0x00000000fad00000, 0x0000000100000000)
  eden space 314880K, 0% used [0x00000000e0000000,0x00000000e0000000,0x00000000f3380000)
  from space 24576K, 68% used [0x00000000f3380000,0x00000000f43fa5e0,0x00000000f4b80000)
  to   space 25088K, 0% used [0x00000000f9480000,0x00000000f9480000,0x00000000fad00000)
 ParOldGen       total 132608K, used 31550K [0x00000000a0000000, 0x00000000a8180000, 0x00000000e0000000)
  object space 132608K, 23% used [0x00000000a0000000,0x00000000a1ecf820,0x00000000a8180000)
 Metaspace       used 65938K, capacity 68190K, committed 68312K, reserved 1107968K
  class space    used 8720K, capacity 9206K, committed 9216K, reserved 1048576K
}

