# JRE version: OpenJDK Runtime Environment (8.0_202-b03) (build 1.8.0_202-release-1483-b03)
# Java VM: OpenJDK 64-Bit Server VM (25.202-b03 mixed mode windows-amd64 compressed oops)
Heap:
 PSYoungGen      total 429568K, used 64804K [0x00000000e0000000, 0x0000000100000000, 0x0000000100000000)
  eden space 401408K, 10% used [0x00000000e0000000,0x00000000e29145a8,0x00000000f8800000)
  from space 28160K, 80% used [0x00000000fe480000,0x00000000ffab4b60,0x0000000100000000)
  to   space 61440K, 0% used [0x00000000f8800000,0x00000000f8800000,0x00000000fc400000)
 ParOldGen       total 109568K, used 109304K [0x00000000a0000000, 0x00000000a6b00000, 0x00000000e0000000)
  object space 109568K, 99% used [0x00000000a0000000,0x00000000a6abe3d8,0x00000000a6b00000)
 Metaspace       used 81185K, capacity 84130K, committed 84312K, reserved 1122304K
  class space    used 10771K, capacity 11364K, committed 11392K, reserved 1048576K
GC Heap History (10 events):
Event: 13.625 GC heap before
{Heap before GC invocations=10 (full 2):
 PSYoungGen      total 262656K, used 47442K [0x00000000e0000000, 0x00000000fcf00000, 0x0000000100000000)
  eden space 247296K, 12% used [0x00000000e0000000,0x00000000e1f55878,0x00000000ef180000)
  from space 15360K, 99% used [0x00000000ef180000,0x00000000f007f0b8,0x00000000f0080000)
  to   space 24576K, 0% used [0x00000000fb700000,0x00000000fb700000,0x00000000fcf00000)
 ParOldGen       total 72704K, used 30482K [0x00000000a0000000, 0x00000000a4700000, 0x00000000e0000000)
  object space 72704K, 41% used [0x00000000a0000000,0x00000000a1dc4b98,0x00000000a4700000)
 Metaspace       used 57181K, capacity 58950K, committed 59028K, reserved 1099776K
  class space    used 7767K, capacity 8176K, committed 8192K, reserved 1048576K
Event: 13.644 GC heap after
Heap after GC invocations=10 (full 2):
 PSYoungGen      total 442368K, used 14837K [0x00000000e0000000, 0x00000000fcb80000, 0x0000000100000000)
  eden space 421376K, 0% used [0x00000000e0000000,0x00000000e0000000,0x00000000f9b80000)
  from space 20992K, 70% used [0x00000000fb700000,0x00000000fc57d7d0,0x00000000fcb80000)
  to   space 24576K, 0% used [0x00000000f9b80000,0x00000000f9b80000,0x00000000fb380000)
 ParOldGen       total 72704K, used 30490K [0x00000000a0000000, 0x00000000a4700000, 0x00000000e0000000)
  object space 72704K, 41% used [0x00000000a0000000,0x00000000a1dc6b98,0x00000000a4700000)
 Metaspace       used 57181K, capacity 58950K, committed 59028K, reserved 1099776K
  class space    used 7767K, capacity 8176K, committed 8192K, reserved 1048576K
}
Event: 13.644 GC heap before
{Heap before GC invocations=11 (full 3):
 PSYoungGen      total 442368K, used 14837K [0x00000000e0000000, 0x00000000fcb80000, 0x0000000100000000)
  eden space 421376K, 0% used [0x00000000e0000000,0x00000000e0000000,0x00000000f9b80000)
  from space 20992K, 70% used [0x00000000fb700000,0x00000000fc57d7d0,0x00000000fcb80000)
  to   space 24576K, 0% used [0x00000000f9b80000,0x00000000f9b80000,0x00000000fb380000)
 ParOldGen       total 72704K, used 30490K [0x00000000a0000000, 0x00000000a4700000, 0x00000000e0000000)
  object space 72704K, 41% used [0x00000000a0000000,0x00000000a1dc6b98,0x00000000a4700000)
 Metaspace       used 57181K, capacity 58950K, committed 59028K, reserved 1099776K
  class space    used 7767K, capacity 8176K, committed 8192K, reserved 1048576K
Event: 13.851 GC heap after
Heap after GC invocations=11 (full 3):
 PSYoungGen      total 442368K, used 0K [0x00000000e0000000, 0x00000000fcb80000, 0x0000000100000000)
  eden space 421376K, 0% used [0x00000000e0000000,0x00000000e0000000,0x00000000f9b80000)
  from space 20992K, 0% used [0x00000000fb700000,0x00000000fb700000,0x00000000fcb80000)
  to   space 24576K, 0% used [0x00000000f9b80000,0x00000000f9b80000,0x00000000fb380000)
 ParOldGen       total 99328K, used 29350K [0x00000000a0000000, 0x00000000a6100000, 0x00000000e0000000)
  object space 99328K, 29% used [0x00000000a0000000,0x00000000a1ca9830,0x00000000a6100000)
 Metaspace       used 57096K, capacity 58700K, committed 59028K, reserved 1099776K
  class space    used 7740K, capacity 8129K, committed 8192K, reserved 1048576K
}
Event: 631.986 GC heap before
{Heap before GC invocations=12 (full 3):
 PSYoungGen      total 442368K, used 421376K [0x00000000e0000000, 0x00000000fcb80000, 0x0000000100000000)
  eden space 421376K, 100% used [0x00000000e0000000,0x00000000f9b80000,0x00000000f9b80000)
  from space 20992K, 0% used [0x00000000fb700000,0x00000000fb700000,0x00000000fcb80000)
  to   space 24576K, 0% used [0x00000000f9b80000,0x00000000f9b80000,0x00000000fb380000)
 ParOldGen       total 99328K, used 29350K [0x00000000a0000000, 0x00000000a6100000, 0x00000000e0000000)
  object space 99328K, 29% used [0x00000000a0000000,0x00000000a1ca9830,0x00000000a6100000)
 Metaspace       used 66817K, capacity 69020K, committed 69208K, reserved 1110016K
  class space    used 8819K, capacity 9281K, committed 9344K, reserved 1048576K
Event: 632.027 GC heap after
Heap after GC invocations=12 (full 3):
 PSYoungGen      total 445952K, used 24571K [0x00000000e0000000, 0x0000000100000000, 0x0000000100000000)
  eden space 421376K, 0% used [0x00000000e0000000,0x00000000e0000000,0x00000000f9b80000)
  from space 24576K, 99% used [0x00000000f9b80000,0x00000000fb37ecd8,0x00000000fb380000)
  to   space 28160K, 0% used [0x00000000fe480000,0x00000000fe480000,0x0000000100000000)
 ParOldGen       total 99328K, used 30082K [0x00000000a0000000, 0x00000000a6100000, 0x00000000e0000000)
  object space 99328K, 30% used [0x00000000a0000000,0x00000000a1d60828,0x00000000a6100000)
 Metaspace       used 66817K, capacity 69020K, committed 69208K, reserved 1110016K
  class space    used 8819K, capacity 9281K, committed 9344K, reserved 1048576K
}
Event: 636.085 GC heap before
{Heap before GC invocations=13 (full 3):
 PSYoungGen      total 445952K, used 445947K [0x00000000e0000000, 0x0000000100000000, 0x0000000100000000)
  eden space 421376K, 100% used [0x00000000e0000000,0x00000000f9b80000,0x00000000f9b80000)
  from space 24576K, 99% used [0x00000000f9b80000,0x00000000fb37ecd8,0x00000000fb380000)
  to   space 28160K, 0% used [0x00000000fe480000,0x00000000fe480000,0x0000000100000000)
 ParOldGen       total 99328K, used 30082K [0x00000000a0000000, 0x00000000a6100000, 0x00000000e0000000)
  object space 99328K, 30% used [0x00000000a0000000,0x00000000a1d60828,0x00000000a6100000)
 Metaspace       used 80081K, capacity 82974K, committed 83160K, reserved 1122304K
  class space    used 10624K, capacity 11228K, committed 11264K, reserved 1048576K
Event: 636.204 GC heap after
Heap after GC invocations=13 (full 3):
 PSYoungGen      total 429568K, used 28151K [0x00000000e0000000, 0x0000000100000000, 0x0000000100000000)
  eden space 401408K, 0% used [0x00000000e0000000,0x00000000e0000000,0x00000000f8800000)
  from space 28160K, 99% used [0x00000000fe480000,0x00000000ffffdf70,0x0000000100000000)
  to   space 61440K, 0% used [0x00000000f8800000,0x00000000f8800000,0x00000000fc400000)
 ParOldGen       total 109568K, used 109158K [0x00000000a0000000, 0x00000000a6b00000, 0x00000000e0000000)
  object space 109568K, 99% used [0x00000000a0000000,0x00000000a6a99928,0x00000000a6b00000)
 Metaspace       used 80081K, capacity 82974K, committed 83160K, reserved 1122304K
  class space    used 10624K, capacity 11228K, committed 11264K, reserved 1048576K
}
Event: 636.204 GC heap before
{Heap before GC invocations=14 (full 4):
 PSYoungGen      total 429568K, used 28151K [0x00000000e0000000, 0x0000000100000000, 0x0000000100000000)
  eden space 401408K, 0% used [0x00000000e0000000,0x00000000e0000000,0x00000000f8800000)
  from space 28160K, 99% used [0x00000000fe480000,0x00000000ffffdf70,0x0000000100000000)
  to   space 61440K, 0% used [0x00000000f8800000,0x00000000f8800000,0x00000000fc400000)
 ParOldGen       total 109568K, used 109158K [0x00000000a0000000, 0x00000000a6b00000, 0x00000000e0000000)
  object space 109568K, 99% used [0x00000000a0000000,0x00000000a6a99928,0x00000000a6b00000)
 Metaspace       used 80081K, capacity 82974K, committed 83160K, reserved 1122304K
  class space    used 10624K, capacity 11228K, committed 11264K, reserved 1048576K
Event: 636.949 GC heap after
Heap after GC invocations=14 (full 4):
 PSYoungGen      total 429568K, used 22738K [0x00000000e0000000, 0x0000000100000000, 0x0000000100000000)
  eden space 401408K, 0% used [0x00000000e0000000,0x00000000e0000000,0x00000000f8800000)
  from space 28160K, 80% used [0x00000000fe480000,0x00000000ffab4b60,0x0000000100000000)
  to   space 61440K, 0% used [0x00000000f8800000,0x00000000f8800000,0x00000000fc400000)
 ParOldGen       total 109568K, used 109304K [0x00000000a0000000, 0x00000000a6b00000, 0x00000000e0000000)
  object space 109568K, 99% used [0x00000000a0000000,0x00000000a6abe3d8,0x00000000a6b00000)
 Metaspace       used 80063K, capacity 82920K, committed 83160K, reserved 1122304K
  class space    used 10618K, capacity 11217K, committed 11264K, reserved 1048576K
}

